<?xml version="1.0" encoding="UTF-8"?>
<testng-results skipped="0" failed="2" ignored="0" total="15" passed="13">
  <reporter-output>
  </reporter-output>
  <suite name="TestNG Session Test Automation Suite" duration-ms="200" started-at="2018-11-27T01:34:49Z" finished-at="2018-11-27T01:34:49Z">
    <groups>
      <group name="Link Test">
        <method signature="GoogleTest.gmailLinkTest()[pri:3, instance:com.test.GoogleTest@3aeaafa6]" name="gmailLinkTest" class="com.test.GoogleTest"/>
      </group> <!-- Link Test -->
      <group name="Test">
        <method signature="GoogleTest.test1()[pri:4, instance:com.test.GoogleTest@3aeaafa6]" name="test1" class="com.test.GoogleTest"/>
        <method signature="GoogleTest.test2()[pri:5, instance:com.test.GoogleTest@3aeaafa6]" name="test2" class="com.test.GoogleTest"/>
        <method signature="GoogleTest.test3()[pri:6, instance:com.test.GoogleTest@3aeaafa6]" name="test3" class="com.test.GoogleTest"/>
      </group> <!-- Test -->
      <group name="Title">
        <method signature="GoogleTest.googleTitleTest()[pri:1, instance:com.test.GoogleTest@3aeaafa6]" name="googleTitleTest" class="com.test.GoogleTest"/>
      </group> <!-- Title -->
      <group name="Logo">
        <method signature="GoogleTest.googleLogoTest()[pri:2, instance:com.test.GoogleTest@3aeaafa6]" name="googleLogoTest" class="com.test.GoogleTest"/>
      </group> <!-- Logo -->
    </groups>
    <test name="Different Testing Feature Test" duration-ms="200" started-at="2018-11-27T01:34:49Z" finished-at="2018-11-27T01:34:49Z">
      <class name="com.test.timeOutFeture">
        <test-method status="FAIL" signature="timeOut()[pri:0, instance:com.test.timeOutFeture@4eb7f003]" name="timeOut" duration-ms="16" started-at="2018-11-27T01:34:49Z" finished-at="2018-11-27T01:34:49Z">
          <exception class="org.testng.internal.thread.ThreadTimeoutException">
            <message>
              <![CDATA[Method com.test.timeOutFeture.timeOut() didn't finish within the time-out 2]]>
            </message>
            <full-stacktrace>
              <![CDATA[org.testng.internal.thread.ThreadTimeoutException: Method com.test.timeOutFeture.timeOut() didn't finish within the time-out 2
at java.io.FileOutputStream.writeBytes(Native Method)
at java.io.FileOutputStream.write(FileOutputStream.java:326)
at java.io.BufferedOutputStream.flushBuffer(BufferedOutputStream.java:82)
at java.io.BufferedOutputStream.flush(BufferedOutputStream.java:140)
at java.io.PrintStream.write(PrintStream.java:482)
at sun.nio.cs.StreamEncoder.writeBytes(StreamEncoder.java:221)
at sun.nio.cs.StreamEncoder.implFlushBuffer(StreamEncoder.java:291)
at sun.nio.cs.StreamEncoder.flushBuffer(StreamEncoder.java:104)
at java.io.OutputStreamWriter.flushBuffer(OutputStreamWriter.java:185)
at java.io.PrintStream.newLine(PrintStream.java:546)
at java.io.PrintStream.println(PrintStream.java:807)
at com.test.timeOutFeture.timeOut(timeOutFeture.java:14)
at sun.reflect.NativeMethodAccessorImpl.invoke0(Native Method)
at sun.reflect.NativeMethodAccessorImpl.invoke(NativeMethodAccessorImpl.java:62)
at sun.reflect.DelegatingMethodAccessorImpl.invoke(DelegatingMethodAccessorImpl.java:43)
at java.lang.reflect.Method.invoke(Method.java:498)
at org.testng.internal.MethodInvocationHelper.invokeMethod(MethodInvocationHelper.java:124)
at org.testng.internal.InvokeMethodRunnable.runOne(InvokeMethodRunnable.java:54)
at org.testng.internal.InvokeMethodRunnable.run(InvokeMethodRunnable.java:44)
at java.util.concurrent.Executors$RunnableAdapter.call(Executors.java:511)
at java.util.concurrent.FutureTask.run(FutureTask.java:266)
at java.util.concurrent.ThreadPoolExecutor.runWorker(ThreadPoolExecutor.java:1149)
at java.util.concurrent.ThreadPoolExecutor$Worker.run(ThreadPoolExecutor.java:624)
at java.lang.Thread.run(Thread.java:748)
]]>
            </full-stacktrace>
          </exception> <!-- org.testng.internal.thread.ThreadTimeoutException -->
          <reporter-output>
          </reporter-output>
        </test-method> <!-- timeOut -->
      </class> <!-- com.test.timeOutFeture -->
      <class name="com.test.TestNGfeatures">
        <test-method status="FAIL" signature="loginTest()[pri:0, instance:com.test.TestNGfeatures@4d3167f4]" name="loginTest" duration-ms="2" started-at="2018-11-27T01:34:49Z" finished-at="2018-11-27T01:34:49Z">
          <exception class="java.lang.ArithmeticException">
            <message>
              <![CDATA[/ by zero]]>
            </message>
            <full-stacktrace>
              <![CDATA[java.lang.ArithmeticException: / by zero
at com.test.TestNGfeatures.loginTest(TestNGfeatures.java:10)
at sun.reflect.NativeMethodAccessorImpl.invoke0(Native Method)
at sun.reflect.NativeMethodAccessorImpl.invoke(NativeMethodAccessorImpl.java:62)
at sun.reflect.DelegatingMethodAccessorImpl.invoke(DelegatingMethodAccessorImpl.java:43)
at java.lang.reflect.Method.invoke(Method.java:498)
at org.testng.internal.MethodInvocationHelper.invokeMethod(MethodInvocationHelper.java:124)
at org.testng.internal.Invoker.invokeMethod(Invoker.java:580)
at org.testng.internal.Invoker.invokeTestMethod(Invoker.java:716)
at org.testng.internal.Invoker.invokeTestMethods(Invoker.java:988)
at org.testng.internal.TestMethodWorker.invokeTestMethods(TestMethodWorker.java:125)
at org.testng.internal.TestMethodWorker.run(TestMethodWorker.java:109)
at org.testng.TestRunner.privateRun(TestRunner.java:648)
at org.testng.TestRunner.run(TestRunner.java:505)
at org.testng.SuiteRunner.runTest(SuiteRunner.java:455)
at org.testng.SuiteRunner.runSequentially(SuiteRunner.java:450)
at org.testng.SuiteRunner.privateRun(SuiteRunner.java:415)
at org.testng.SuiteRunner.run(SuiteRunner.java:364)
at org.testng.SuiteRunnerWorker.runSuite(SuiteRunnerWorker.java:52)
at org.testng.SuiteRunnerWorker.run(SuiteRunnerWorker.java:84)
at org.testng.TestNG.runSuitesSequentially(TestNG.java:1208)
at org.testng.TestNG.runSuitesLocally(TestNG.java:1137)
at org.testng.TestNG.runSuites(TestNG.java:1049)
at org.testng.TestNG.run(TestNG.java:1017)
at org.testng.remote.AbstractRemoteTestNG.run(AbstractRemoteTestNG.java:114)
at org.testng.remote.RemoteTestNG.initAndRun(RemoteTestNG.java:251)
at org.testng.remote.RemoteTestNG.main(RemoteTestNG.java:77)
]]>
            </full-stacktrace>
          </exception> <!-- java.lang.ArithmeticException -->
          <reporter-output>
          </reporter-output>
        </test-method> <!-- loginTest -->
      </class> <!-- com.test.TestNGfeatures -->
      <class name="com.test.ExpectedException">
        <test-method status="PASS" signature="nuberFormatException()[pri:0, instance:com.test.ExpectedException@63440df3]" name="nuberFormatException" duration-ms="7" started-at="2018-11-27T01:34:49Z" finished-at="2018-11-27T01:34:49Z">
          <exception class="java.lang.NumberFormatException">
            <message>
              <![CDATA[For input string: "Sai14433"]]>
            </message>
            <full-stacktrace>
              <![CDATA[java.lang.NumberFormatException: For input string: "Sai14433"
at java.lang.NumberFormatException.forInputString(NumberFormatException.java:65)
at java.lang.Integer.parseInt(Integer.java:580)
at java.lang.Integer.parseInt(Integer.java:615)
at com.test.ExpectedException.nuberFormatException(ExpectedException.java:12)
at sun.reflect.NativeMethodAccessorImpl.invoke0(Native Method)
at sun.reflect.NativeMethodAccessorImpl.invoke(NativeMethodAccessorImpl.java:62)
at sun.reflect.DelegatingMethodAccessorImpl.invoke(DelegatingMethodAccessorImpl.java:43)
at java.lang.reflect.Method.invoke(Method.java:498)
at org.testng.internal.MethodInvocationHelper.invokeMethod(MethodInvocationHelper.java:124)
at org.testng.internal.Invoker.invokeMethod(Invoker.java:580)
at org.testng.internal.Invoker.invokeTestMethod(Invoker.java:716)
at org.testng.internal.Invoker.invokeTestMethods(Invoker.java:988)
at org.testng.internal.TestMethodWorker.invokeTestMethods(TestMethodWorker.java:125)
at org.testng.internal.TestMethodWorker.run(TestMethodWorker.java:109)
at org.testng.TestRunner.privateRun(TestRunner.java:648)
at org.testng.TestRunner.run(TestRunner.java:505)
at org.testng.SuiteRunner.runTest(SuiteRunner.java:455)
at org.testng.SuiteRunner.runSequentially(SuiteRunner.java:450)
at org.testng.SuiteRunner.privateRun(SuiteRunner.java:415)
at org.testng.SuiteRunner.run(SuiteRunner.java:364)
at org.testng.SuiteRunnerWorker.runSuite(SuiteRunnerWorker.java:52)
at org.testng.SuiteRunnerWorker.run(SuiteRunnerWorker.java:84)
at org.testng.TestNG.runSuitesSequentially(TestNG.java:1208)
at org.testng.TestNG.runSuitesLocally(TestNG.java:1137)
at org.testng.TestNG.runSuites(TestNG.java:1049)
at org.testng.TestNG.run(TestNG.java:1017)
at org.testng.remote.AbstractRemoteTestNG.run(AbstractRemoteTestNG.java:114)
at org.testng.remote.RemoteTestNG.initAndRun(RemoteTestNG.java:251)
at org.testng.remote.RemoteTestNG.main(RemoteTestNG.java:77)
]]>
            </full-stacktrace>
          </exception> <!-- java.lang.NumberFormatException -->
          <reporter-output>
          </reporter-output>
        </test-method> <!-- nuberFormatException -->
      </class> <!-- com.test.ExpectedException -->
      <class name="com.test.InvocationCountTest">
        <test-method status="PASS" signature="sum()[pri:0, instance:com.test.InvocationCountTest@76a3e297]" name="sum" duration-ms="3" started-at="2018-11-27T01:34:49Z" finished-at="2018-11-27T01:34:49Z">
          <reporter-output>
          </reporter-output>
        </test-method> <!-- sum -->
        <test-method status="PASS" signature="sum()[pri:0, instance:com.test.InvocationCountTest@76a3e297]" name="sum" duration-ms="11" started-at="2018-11-27T01:34:49Z" finished-at="2018-11-27T01:34:49Z">
          <reporter-output>
          </reporter-output>
        </test-method> <!-- sum -->
        <test-method status="PASS" signature="sum()[pri:0, instance:com.test.InvocationCountTest@76a3e297]" name="sum" duration-ms="2" started-at="2018-11-27T01:34:49Z" finished-at="2018-11-27T01:34:49Z">
          <reporter-output>
          </reporter-output>
        </test-method> <!-- sum -->
        <test-method status="PASS" signature="sum()[pri:0, instance:com.test.InvocationCountTest@76a3e297]" name="sum" duration-ms="6" started-at="2018-11-27T01:34:49Z" finished-at="2018-11-27T01:34:49Z">
          <reporter-output>
          </reporter-output>
        </test-method> <!-- sum -->
        <test-method status="PASS" signature="sum()[pri:0, instance:com.test.InvocationCountTest@76a3e297]" name="sum" duration-ms="4" started-at="2018-11-27T01:34:49Z" finished-at="2018-11-27T01:34:49Z">
          <reporter-output>
          </reporter-output>
        </test-method> <!-- sum -->
        <test-method status="PASS" signature="sum()[pri:0, instance:com.test.InvocationCountTest@76a3e297]" name="sum" duration-ms="3" started-at="2018-11-27T01:34:49Z" finished-at="2018-11-27T01:34:49Z">
          <reporter-output>
          </reporter-output>
        </test-method> <!-- sum -->
        <test-method status="PASS" signature="sum()[pri:0, instance:com.test.InvocationCountTest@76a3e297]" name="sum" duration-ms="3" started-at="2018-11-27T01:34:49Z" finished-at="2018-11-27T01:34:49Z">
          <reporter-output>
          </reporter-output>
        </test-method> <!-- sum -->
        <test-method status="PASS" signature="sum()[pri:0, instance:com.test.InvocationCountTest@76a3e297]" name="sum" duration-ms="9" started-at="2018-11-27T01:34:49Z" finished-at="2018-11-27T01:34:49Z">
          <reporter-output>
          </reporter-output>
        </test-method> <!-- sum -->
        <test-method status="PASS" signature="sum()[pri:0, instance:com.test.InvocationCountTest@76a3e297]" name="sum" duration-ms="1" started-at="2018-11-27T01:34:49Z" finished-at="2018-11-27T01:34:49Z">
          <reporter-output>
          </reporter-output>
        </test-method> <!-- sum -->
        <test-method status="PASS" signature="sum()[pri:0, instance:com.test.InvocationCountTest@76a3e297]" name="sum" duration-ms="1" started-at="2018-11-27T01:34:49Z" finished-at="2018-11-27T01:34:49Z">
          <reporter-output>
          </reporter-output>
        </test-method> <!-- sum -->
      </class> <!-- com.test.InvocationCountTest -->
      <class name="com.test.TestNgBasics">
        <test-method status="PASS" signature="setUP()[pri:0, instance:com.test.TestNgBasics@77f99a05]" name="setUP" is-config="true" duration-ms="19" started-at="2018-11-27T01:34:49Z" finished-at="2018-11-27T01:34:49Z">
          <reporter-output>
          </reporter-output>
        </test-method> <!-- setUP -->
        <test-method status="PASS" signature="launchBrowser()[pri:0, instance:com.test.TestNgBasics@77f99a05]" name="launchBrowser" is-config="true" duration-ms="1" started-at="2018-11-27T01:34:49Z" finished-at="2018-11-27T01:34:49Z">
          <reporter-output>
          </reporter-output>
        </test-method> <!-- launchBrowser -->
        <test-method status="PASS" signature="login()[pri:0, instance:com.test.TestNgBasics@77f99a05]" name="login" is-config="true" duration-ms="0" started-at="2018-11-27T01:34:49Z" finished-at="2018-11-27T01:34:49Z">
          <reporter-output>
          </reporter-output>
        </test-method> <!-- login -->
        <test-method status="PASS" signature="enterURL()[pri:0, instance:com.test.TestNgBasics@77f99a05]" name="enterURL" is-config="true" duration-ms="1" started-at="2018-11-27T01:34:49Z" finished-at="2018-11-27T01:34:49Z">
          <reporter-output>
          </reporter-output>
        </test-method> <!-- enterURL -->
        <test-method status="PASS" signature="googleTitleTest()[pri:0, instance:com.test.TestNgBasics@77f99a05]" name="googleTitleTest" duration-ms="1" started-at="2018-11-27T01:34:49Z" finished-at="2018-11-27T01:34:49Z">
          <reporter-output>
          </reporter-output>
        </test-method> <!-- googleTitleTest -->
        <test-method status="PASS" signature="logout()[pri:0, instance:com.test.TestNgBasics@77f99a05]" name="logout" is-config="true" duration-ms="1" started-at="2018-11-27T01:34:49Z" finished-at="2018-11-27T01:34:49Z">
          <reporter-output>
          </reporter-output>
        </test-method> <!-- logout -->
        <test-method status="PASS" signature="enterURL()[pri:0, instance:com.test.TestNgBasics@77f99a05]" name="enterURL" is-config="true" duration-ms="2" started-at="2018-11-27T01:34:49Z" finished-at="2018-11-27T01:34:49Z">
          <reporter-output>
          </reporter-output>
        </test-method> <!-- enterURL -->
        <test-method status="PASS" signature="searchTest()[pri:0, instance:com.test.TestNgBasics@77f99a05]" name="searchTest" duration-ms="2" started-at="2018-11-27T01:34:49Z" finished-at="2018-11-27T01:34:49Z">
          <reporter-output>
          </reporter-output>
        </test-method> <!-- searchTest -->
        <test-method status="PASS" signature="logout()[pri:0, instance:com.test.TestNgBasics@77f99a05]" name="logout" is-config="true" duration-ms="1" started-at="2018-11-27T01:34:49Z" finished-at="2018-11-27T01:34:49Z">
          <reporter-output>
          </reporter-output>
        </test-method> <!-- logout -->
        <test-method status="PASS" signature="closeBrowser()[pri:0, instance:com.test.TestNgBasics@77f99a05]" name="closeBrowser" is-config="true" duration-ms="1" started-at="2018-11-27T01:34:49Z" finished-at="2018-11-27T01:34:49Z">
          <reporter-output>
          </reporter-output>
        </test-method> <!-- closeBrowser -->
        <test-method status="PASS" signature="delateAllCokies()[pri:0, instance:com.test.TestNgBasics@77f99a05]" name="delateAllCokies" is-config="true" duration-ms="1" started-at="2018-11-27T01:34:49Z" finished-at="2018-11-27T01:34:49Z">
          <reporter-output>
          </reporter-output>
        </test-method> <!-- delateAllCokies -->
      </class> <!-- com.test.TestNgBasics -->
    </test> <!-- Different Testing Feature Test -->
  </suite> <!-- TestNG Session Test Automation Suite -->
</testng-results>
